<html>
<head>
<title>TestNG:  Test</title>
<link href="../testng.css" rel="stylesheet" type="text/css" />
<link href="../my-testng.css" rel="stylesheet" type="text/css" />

<style type="text/css">
.log { display: none;} 
.stack-trace { display: none;} 
</style>
<script type="text/javascript">
<!--
function flip(e) {
  current = e.style.display;
  if (current == 'block') {
    e.style.display = 'none';
    return 0;
  }
  else {
    e.style.display = 'block';
    return 1;
  }
}

function toggleBox(szDivId, elem, msg1, msg2)
{
  var res = -1;  if (document.getElementById) {
    res = flip(document.getElementById(szDivId));
  }
  else if (document.all) {
    // this is the way old msie versions work
    res = flip(document.all[szDivId]);
  }
  if(elem) {
    if(res == 0) elem.innerHTML = msg1; else elem.innerHTML = msg2;
  }

}

function toggleAllBoxes() {
  if (document.getElementsByTagName) {
    d = document.getElementsByTagName('div');
    for (i = 0; i < d.length; i++) {
      if (d[i].className == 'log') {
        flip(d[i]);
      }
    }
  }
}

// -->
</script>

</head>
<body>
<h2 align='center'>Test</h2><table border='1' align="center">
<tr>
<td>Tests passed/Failed/Skipped:</td><td>8/1/0</td>
</tr><tr>
<td>Started on:</td><td>Fri Oct 24 17:21:13 IST 2025</td>
</tr>
<tr><td>Total time:</td><td>477 seconds (477548 ms)</td>
</tr><tr>
<td>Included groups:</td><td></td>
</tr><tr>
<td>Excluded groups:</td><td></td>
</tr>
</table><p/>
<small><i>(Hover the method name to see the test class name)</i></small><p/>
<table width='100%' border='1' class='invocation-failed'>
<tr><td colspan='4' align='center'><b>FAILED TESTS</b></td></tr>
<tr><td><b>Test method</b></td>
<td><b>Attribute(s)</b></td>
<td width="30%"><b>Exception</b></td>
<td width="10%"><b>Time (seconds)</b></td>
<td><b>Instance</b></td>
</tr>
<tr>
<td title='com.teamgate.crm.organizerTest.AddMeetingViaOrganizerTest.addMeetingViaOrganizerTest()'><b>addMeetingViaOrganizerTest</b><br>Test class: com.teamgate.crm.organizerTest.AddMeetingViaOrganizerTest</td>
<td><div><pre>org.openqa.selenium.ElementClickInterceptedException: element click intercepted: Element &lt;a data-v-7e129e9c=&quot;&quot; href=&quot;/google/companies&quot; class=&quot;nav-link d-md-block d-inline-flex&quot;&gt;...&lt;/a&gt; is not clickable at point (267, 27). Other element would receive the click: &lt;div class=&quot;modal-backdrop fade&quot;&gt;&lt;/div&gt;
  (Session info: chrome=141.0.7390.109)
Build info: version: &apos;4.12.1&apos;, revision: &apos;8e34639b11&apos;
System info: os.name: &apos;Windows 11&apos;, os.arch: &apos;amd64&apos;, os.version: &apos;10.0&apos;, java.version: &apos;21.0.8&apos;
Driver info: org.openqa.selenium.chrome.ChromeDriver
Command: [b628a0546d28a82eea2fa5ae9a4fadfe, clickElement {id=f.9A3B1E8B436E662375B01A067D2E1AB0.d.FC7E85431C67E3B12223F4DDC81957E3.e.456}]
Capabilities {acceptInsecureCerts: false, browserName: chrome, browserVersion: 141.0.7390.109, chrome: {chromedriverVersion: 141.0.7390.122 (b477534e7e1..., userDataDir: C:\Users\User\AppData\Local...}, fedcm:accounts: true, goog:chromeOptions: {debuggerAddress: localhost:64415}, networkConnectionEnabled: false, pageLoadStrategy: normal, platformName: windows, proxy: Proxy(), se:cdp: ws://localhost:64415/devtoo..., se:cdpVersion: 141.0.7390.109, setWindowRect: true, strictFileInteractability: false, timeouts: {implicit: 0, pageLoad: 300000, script: 30000}, unhandledPromptBehavior: dismiss and notify, webauthn:extension:credBlob: true, webauthn:extension:largeBlob: true, webauthn:extension:minPinLength: true, webauthn:extension:prf: true, webauthn:virtualAuthenticators: true}
Element: [[ChromeDriver: chrome on windows (b628a0546d28a82eea2fa5ae9a4fadfe)] -&gt; xpath: //a[@href=&apos;/google/companies&apos;]]
Session ID: b628a0546d28a82eea2fa5ae9a4fadfe
	at org.openqa.selenium.remote.codec.w3c.W3CHttpResponseCodec.createException(W3CHttpResponseCodec.java:200)
	at org.openqa.selenium.remote.codec.w3c.W3CHttpResponseCodec.decode(W3CHttpResponseCodec.java:133)
	at org.openqa.selenium.remote.codec.w3c.W3CHttpResponseCodec.decode(W3CHttpResponseCodec.java:52)
	at org.openqa.selenium.remote.HttpCommandExecutor.execute(HttpCommandExecutor.java:191)
	at org.openqa.selenium.remote.service.DriverCommandExecutor.invokeExecute(DriverCommandExecutor.java:196)
	at org.openqa.selenium.remote.service.DriverCommandExecutor.execute(DriverCommandExecutor.java:171)
	at org.openqa.selenium.remote.RemoteWebDriver.execute(RemoteWebDriver.java:602)
	at org.openqa.selenium.remote.RemoteWebElement.execute(RemoteWebElement.java:224)
	at org.openqa.selenium.remote.RemoteWebElement.click(RemoteWebElement.java:77)
	at org.openqa.selenium.support.pagefactory.internal.LocatingElementHandler.invoke(LocatingElementHandler.java:51)
	at jdk.proxy2/jdk.proxy2.$Proxy22.click(Unknown Source)
	at com.teamgate.crm.organizerTest.AddMeetingViaOrganizerTest.addMeetingViaOrganizerTest(AddMeetingViaOrganizerTest.java:74)
	at java.base/java.util.ArrayList.forEach(ArrayList.java:1596)
... Removed 30 stack frames</pre></div><a href='#' onClick='toggleBox("stack-trace1393710872", this, "Click to show all stack frames", "Click to hide stack frames")'>Click to show all stack frames</a>
<div class='stack-trace' id='stack-trace1393710872'><pre>org.openqa.selenium.ElementClickInterceptedException: element click intercepted: Element &lt;a data-v-7e129e9c=&quot;&quot; href=&quot;/google/companies&quot; class=&quot;nav-link d-md-block d-inline-flex&quot;&gt;...&lt;/a&gt; is not clickable at point (267, 27). Other element would receive the click: &lt;div class=&quot;modal-backdrop fade&quot;&gt;&lt;/div&gt;
  (Session info: chrome=141.0.7390.109)
Build info: version: &apos;4.12.1&apos;, revision: &apos;8e34639b11&apos;
System info: os.name: &apos;Windows 11&apos;, os.arch: &apos;amd64&apos;, os.version: &apos;10.0&apos;, java.version: &apos;21.0.8&apos;
Driver info: org.openqa.selenium.chrome.ChromeDriver
Command: [b628a0546d28a82eea2fa5ae9a4fadfe, clickElement {id=f.9A3B1E8B436E662375B01A067D2E1AB0.d.FC7E85431C67E3B12223F4DDC81957E3.e.456}]
Capabilities {acceptInsecureCerts: false, browserName: chrome, browserVersion: 141.0.7390.109, chrome: {chromedriverVersion: 141.0.7390.122 (b477534e7e1..., userDataDir: C:\Users\User\AppData\Local...}, fedcm:accounts: true, goog:chromeOptions: {debuggerAddress: localhost:64415}, networkConnectionEnabled: false, pageLoadStrategy: normal, platformName: windows, proxy: Proxy(), se:cdp: ws://localhost:64415/devtoo..., se:cdpVersion: 141.0.7390.109, setWindowRect: true, strictFileInteractability: false, timeouts: {implicit: 0, pageLoad: 300000, script: 30000}, unhandledPromptBehavior: dismiss and notify, webauthn:extension:credBlob: true, webauthn:extension:largeBlob: true, webauthn:extension:minPinLength: true, webauthn:extension:prf: true, webauthn:virtualAuthenticators: true}
Element: [[ChromeDriver: chrome on windows (b628a0546d28a82eea2fa5ae9a4fadfe)] -&gt; xpath: //a[@href=&apos;/google/companies&apos;]]
Session ID: b628a0546d28a82eea2fa5ae9a4fadfe
	at java.base/jdk.internal.reflect.DirectConstructorHandleAccessor.newInstance(DirectConstructorHandleAccessor.java:62)
	at java.base/java.lang.reflect.Constructor.newInstanceWithCaller(Constructor.java:502)
	at java.base/java.lang.reflect.Constructor.newInstance(Constructor.java:486)
	at org.openqa.selenium.remote.codec.w3c.W3CHttpResponseCodec.createException(W3CHttpResponseCodec.java:200)
	at org.openqa.selenium.remote.codec.w3c.W3CHttpResponseCodec.decode(W3CHttpResponseCodec.java:133)
	at org.openqa.selenium.remote.codec.w3c.W3CHttpResponseCodec.decode(W3CHttpResponseCodec.java:52)
	at org.openqa.selenium.remote.HttpCommandExecutor.execute(HttpCommandExecutor.java:191)
	at org.openqa.selenium.remote.service.DriverCommandExecutor.invokeExecute(DriverCommandExecutor.java:196)
	at org.openqa.selenium.remote.service.DriverCommandExecutor.execute(DriverCommandExecutor.java:171)
	at org.openqa.selenium.remote.RemoteWebDriver.execute(RemoteWebDriver.java:602)
	at org.openqa.selenium.remote.RemoteWebElement.execute(RemoteWebElement.java:224)
	at org.openqa.selenium.remote.RemoteWebElement.click(RemoteWebElement.java:77)
	at java.base/jdk.internal.reflect.DirectMethodHandleAccessor.invoke(DirectMethodHandleAccessor.java:103)
	at java.base/java.lang.reflect.Method.invoke(Method.java:580)
	at org.openqa.selenium.support.pagefactory.internal.LocatingElementHandler.invoke(LocatingElementHandler.java:51)
	at jdk.proxy2/jdk.proxy2.$Proxy22.click(Unknown Source)
	at com.teamgate.crm.organizerTest.AddMeetingViaOrganizerTest.addMeetingViaOrganizerTest(AddMeetingViaOrganizerTest.java:74)
	at java.base/jdk.internal.reflect.DirectMethodHandleAccessor.invoke(DirectMethodHandleAccessor.java:103)
	at java.base/java.lang.reflect.Method.invoke(Method.java:580)
	at org.testng.internal.invokers.MethodInvocationHelper.invokeMethod(MethodInvocationHelper.java:139)
	at org.testng.internal.invokers.TestInvoker.invokeMethod(TestInvoker.java:664)
	at org.testng.internal.invokers.TestInvoker.invokeTestMethod(TestInvoker.java:227)
	at org.testng.internal.invokers.MethodRunner.runInSequence(MethodRunner.java:50)
	at org.testng.internal.invokers.TestInvoker$MethodInvocationAgent.invoke(TestInvoker.java:957)
	at org.testng.internal.invokers.TestInvoker.invokeTestMethods(TestInvoker.java:200)
	at org.testng.internal.invokers.TestMethodWorker.invokeTestMethods(TestMethodWorker.java:148)
	at org.testng.internal.invokers.TestMethodWorker.run(TestMethodWorker.java:128)
	at java.base/java.util.ArrayList.forEach(ArrayList.java:1596)
	at org.testng.TestRunner.privateRun(TestRunner.java:848)
	at org.testng.TestRunner.run(TestRunner.java:621)
	at org.testng.SuiteRunner.runTest(SuiteRunner.java:443)
	at org.testng.SuiteRunner.runSequentially(SuiteRunner.java:437)
	at org.testng.SuiteRunner.privateRun(SuiteRunner.java:397)
	at org.testng.SuiteRunner.run(SuiteRunner.java:336)
	at org.testng.SuiteRunnerWorker.runSuite(SuiteRunnerWorker.java:52)
	at org.testng.SuiteRunnerWorker.run(SuiteRunnerWorker.java:95)
	at org.testng.TestNG.runSuitesSequentially(TestNG.java:1280)
	at org.testng.TestNG.runSuitesLocally(TestNG.java:1200)
	at org.testng.TestNG.runSuites(TestNG.java:1114)
	at org.testng.TestNG.run(TestNG.java:1082)
	at org.testng.remote.AbstractRemoteTestNG.run(AbstractRemoteTestNG.java:115)
	at org.testng.remote.RemoteTestNG.initAndRun(RemoteTestNG.java:293)
	at org.testng.remote.RemoteTestNG.main(RemoteTestNG.java:91)
</pre></div></td>
<td>17</td>
<td>com.teamgate.crm.organizerTest.AddMeetingViaOrganizerTest@3eb738bb</td></tr>
</table><p>
<table width='100%' border='1' class='invocation-passed'>
<tr><td colspan='4' align='center'><b>PASSED TESTS</b></td></tr>
<tr><td><b>Test method</b></td>
<td><b>Attribute(s)</b></td>
<td width="30%"><b>Exception</b></td>
<td width="10%"><b>Time (seconds)</b></td>
<td><b>Instance</b></td>
</tr>
<tr>
<td title='com.teamgate.crm.lnsightsTest.VerifyInsightsTest.verifyInsightsTest()'><b>verifyInsightsTest</b><br>Test class: com.teamgate.crm.lnsightsTest.VerifyInsightsTest<br/>
<a href="#Output-1296761246" onClick='toggleBox("Output-1296761246", this, "Show output", "Hide output");'>Show output</a>

<a href="#Output-1296761246" onClick="toggleAllBoxes();">Show all outputs</a>
<div class='log' id="Output-1296761246">
Verified Insights module<br/>
</div>
</td>
<td></td>
<td>4</td>
<td>com.teamgate.crm.lnsightsTest.VerifyInsightsTest@185a6e9</td></tr>
<tr>
<td title='com.teamgate.crm.peoplesTest.LinkPersonToCompanyTest.linkPersonToCompanyTest()'><b>linkPersonToCompanyTest</b><br>Test class: com.teamgate.crm.peoplesTest.LinkPersonToCompanyTest<br/>
<a href="#Output-304125990" onClick='toggleBox("Output-304125990", this, "Show output", "Hide output");'>Show output</a>

<a href="#Output-304125990" onClick="toggleAllBoxes();">Show all outputs</a>
<div class='log' id="Output-304125990">
person linked to company is verified successfully<br/>
</div>
</td>
<td></td>
<td>32</td>
<td>com.teamgate.crm.peoplesTest.LinkPersonToCompanyTest@1e800aaa</td></tr>
<tr>
<td title='com.teamgate.crm.peoplesTest.EditPersonDetailsTest.editPersonDetailsTest()'><b>editPersonDetailsTest</b><br>Test class: com.teamgate.crm.peoplesTest.EditPersonDetailsTest<br/>
<a href="#Output-445554393" onClick='toggleBox("Output-445554393", this, "Show output", "Hide output");'>Show output</a>

<a href="#Output-445554393" onClick="toggleAllBoxes();">Show all outputs</a>
<div class='log' id="Output-445554393">
modification is verified successfully<br/>
</div>
</td>
<td></td>
<td>29</td>
<td>com.teamgate.crm.peoplesTest.EditPersonDetailsTest@233795b6</td></tr>
<tr>
<td title='com.teamgate.crm.leadTest.AddActivityToLeadTest.addActivityToLead()'><b>addActivityToLead</b><br>Test class: com.teamgate.crm.leadTest.AddActivityToLeadTest<br/>
<a href="#Output-318787032" onClick='toggleBox("Output-318787032", this, "Show output", "Hide output");'>Show output</a>

<a href="#Output-318787032" onClick="toggleAllBoxes();">Show all outputs</a>
<div class='log' id="Output-318787032">
Activity is verified in Activity feed successfully<br/>
</div>
</td>
<td></td>
<td>26</td>
<td>com.teamgate.crm.leadTest.AddActivityToLeadTest@5bda8e08</td></tr>
<tr>
<td title='com.teamgate.crm.leadTest.ConvertLeadToDealTest.convertLeadToDealTest()'><b>convertLeadToDealTest</b><br>Test class: com.teamgate.crm.leadTest.ConvertLeadToDealTest<br/>
<a href="#Output-2050715938" onClick='toggleBox("Output-2050715938", this, "Show output", "Hide output");'>Show output</a>

<a href="#Output-2050715938" onClick="toggleAllBoxes();">Show all outputs</a>
<div class='log' id="Output-2050715938">
New Deal is verified successfully<br/>
</div>
</td>
<td></td>
<td>19</td>
<td>com.teamgate.crm.leadTest.ConvertLeadToDealTest@477b4cdf</td></tr>
<tr>
<td title='com.teamgate.crm.companyTest.CreateDealViaCompanyTest.createDealViaCompanyTest()'><b>createDealViaCompanyTest</b><br>Test class: com.teamgate.crm.companyTest.CreateDealViaCompanyTest<br/>
<a href="#Output-2005537360" onClick='toggleBox("Output-2005537360", this, "Show output", "Hide output");'>Show output</a>

<a href="#Output-2005537360" onClick="toggleAllBoxes();">Show all outputs</a>
<div class='log' id="Output-2005537360">
Deal is verified successfully<br/>
</div>
</td>
<td></td>
<td>37</td>
<td>com.teamgate.crm.companyTest.CreateDealViaCompanyTest@f5958c9</td></tr>
<tr>
<td title='com.teamgate.crm.leadTest.CreateNewLeadTest.createNewLeadTest()'><b>createNewLeadTest</b><br>Test class: com.teamgate.crm.leadTest.CreateNewLeadTest<br/>
<a href="#Output-1727743461" onClick='toggleBox("Output-1727743461", this, "Show output", "Hide output");'>Show output</a>

<a href="#Output-1727743461" onClick="toggleAllBoxes();">Show all outputs</a>
<div class='log' id="Output-1727743461">
Lead is verified successfully<br/>
</div>
</td>
<td></td>
<td>10</td>
<td>com.teamgate.crm.leadTest.CreateNewLeadTest@77c2494c</td></tr>
<tr>
<td title='com.teamgate.crm.settingsTest.AccessSettingsTest.accessSettingsTest()'><b>accessSettingsTest</b><br>Test class: com.teamgate.crm.settingsTest.AccessSettingsTest<br/>
<a href="#Output-1813838419" onClick='toggleBox("Output-1813838419", this, "Show output", "Hide output");'>Show output</a>

<a href="#Output-1813838419" onClick="toggleAllBoxes();">Show all outputs</a>
<div class='log' id="Output-1813838419">
Settings page is verified successfully<br/>
</div>
</td>
<td></td>
<td>3</td>
<td>com.teamgate.crm.settingsTest.AccessSettingsTest@139982de</td></tr>
</table><p>
</body>
</html>