<?xml version="1.0" encoding="UTF-8"?>
<!-- Generated by org.testng.reporters.JUnitXMLReporter -->
<testsuite ignored="0" hostname="DESKTOP-QOG50G5" failures="1" tests="9" name="Test" time="477.548" errors="0" timestamp="2025-10-24T17:29:11 IST">
  <testcase classname="com.teamgate.crm.settingsTest.AccessSettingsTest" name="accessSettingsTest" time="3.647"/>
  <testcase classname="com.teamgate.crm.leadTest.ConvertLeadToDealTest" name="convertLeadToDealTest" time="19.043"/>
  <testcase classname="com.teamgate.crm.leadTest.CreateNewLeadTest" name="createNewLeadTest" time="10.904"/>
  <testcase classname="com.teamgate.crm.companyTest.CreateDealViaCompanyTest" name="createDealViaCompanyTest" time="37.271"/>
  <testcase classname="com.teamgate.crm.peoplesTest.EditPersonDetailsTest" name="editPersonDetailsTest" time="29.898"/>
  <testcase classname="com.teamgate.crm.organizerTest.AddMeetingViaOrganizerTest" name="addMeetingViaOrganizerTest" time="17.221">
    <failure type="org.openqa.selenium.ElementClickInterceptedException" message="element click intercepted: Element &amp;lt;a data-v-7e129e9c=&amp;quot;&amp;quot; href=&amp;quot;/google/companies&amp;quot; class=&amp;quot;nav-link d-md-block d-inline-flex&amp;quot;&amp;gt;...&amp;lt;/a&amp;gt; is not clickable at point (267, 27). Other element would receive the click: &amp;lt;div class=&amp;quot;modal-backdrop fade&amp;quot;&amp;gt;&amp;lt;/div&amp;gt;
  (Session info: chrome=141.0.7390.109)
Build info: version: &amp;apos;4.12.1&amp;apos;, revision: &amp;apos;8e34639b11&amp;apos;
System info: os.name: &amp;apos;Windows 11&amp;apos;, os.arch: &amp;apos;amd64&amp;apos;, os.version: &amp;apos;10.0&amp;apos;, java.version: &amp;apos;21.0.8&amp;apos;
Driver info: org.openqa.selenium.chrome.ChromeDriver
Command: [b628a0546d28a82eea2fa5ae9a4fadfe, clickElement {id=f.9A3B1E8B436E662375B01A067D2E1AB0.d.FC7E85431C67E3B12223F4DDC81957E3.e.456}]
Capabilities {acceptInsecureCerts: false, browserName: chrome, browserVersion: 141.0.7390.109, chrome: {chromedriverVersion: 141.0.7390.122 (b477534e7e1..., userDataDir: C:\Users\User\AppData\Local...}, fedcm:accounts: true, goog:chromeOptions: {debuggerAddress: localhost:64415}, networkConnectionEnabled: false, pageLoadStrategy: normal, platformName: windows, proxy: Proxy(), se:cdp: ws://localhost:64415/devtoo..., se:cdpVersion: 141.0.7390.109, setWindowRect: true, strictFileInteractability: false, timeouts: {implicit: 0, pageLoad: 300000, script: 30000}, unhandledPromptBehavior: dismiss and notify, webauthn:extension:credBlob: true, webauthn:extension:largeBlob: true, webauthn:extension:minPinLength: true, webauthn:extension:prf: true, webauthn:virtualAuthenticators: true}
Element: [[ChromeDriver: chrome on windows (b628a0546d28a82eea2fa5ae9a4fadfe)] -&amp;gt; xpath: //a[@href=&amp;apos;/google/companies&amp;apos;]]
Session ID: b628a0546d28a82eea2fa5ae9a4fadfe">
      <![CDATA[org.openqa.selenium.ElementClickInterceptedException: element click intercepted: Element <a data-v-7e129e9c="" href="/google/companies" class="nav-link d-md-block d-inline-flex">...</a> is not clickable at point (267, 27). Other element would receive the click: <div class="modal-backdrop fade"></div>
  (Session info: chrome=141.0.7390.109)
Build info: version: '4.12.1', revision: '8e34639b11'
System info: os.name: 'Windows 11', os.arch: 'amd64', os.version: '10.0', java.version: '21.0.8'
Driver info: org.openqa.selenium.chrome.ChromeDriver
Command: [b628a0546d28a82eea2fa5ae9a4fadfe, clickElement {id=f.9A3B1E8B436E662375B01A067D2E1AB0.d.FC7E85431C67E3B12223F4DDC81957E3.e.456}]
Capabilities {acceptInsecureCerts: false, browserName: chrome, browserVersion: 141.0.7390.109, chrome: {chromedriverVersion: 141.0.7390.122 (b477534e7e1..., userDataDir: C:\Users\User\AppData\Local...}, fedcm:accounts: true, goog:chromeOptions: {debuggerAddress: localhost:64415}, networkConnectionEnabled: false, pageLoadStrategy: normal, platformName: windows, proxy: Proxy(), se:cdp: ws://localhost:64415/devtoo..., se:cdpVersion: 141.0.7390.109, setWindowRect: true, strictFileInteractability: false, timeouts: {implicit: 0, pageLoad: 300000, script: 30000}, unhandledPromptBehavior: dismiss and notify, webauthn:extension:credBlob: true, webauthn:extension:largeBlob: true, webauthn:extension:minPinLength: true, webauthn:extension:prf: true, webauthn:virtualAuthenticators: true}
Element: [[ChromeDriver: chrome on windows (b628a0546d28a82eea2fa5ae9a4fadfe)] -> xpath: //a[@href='/google/companies']]
Session ID: b628a0546d28a82eea2fa5ae9a4fadfe
at org.openqa.selenium.remote.codec.w3c.W3CHttpResponseCodec.createException(W3CHttpResponseCodec.java:200)
at org.openqa.selenium.remote.codec.w3c.W3CHttpResponseCodec.decode(W3CHttpResponseCodec.java:133)
at org.openqa.selenium.remote.codec.w3c.W3CHttpResponseCodec.decode(W3CHttpResponseCodec.java:52)
at org.openqa.selenium.remote.HttpCommandExecutor.execute(HttpCommandExecutor.java:191)
at org.openqa.selenium.remote.service.DriverCommandExecutor.invokeExecute(DriverCommandExecutor.java:196)
at org.openqa.selenium.remote.service.DriverCommandExecutor.execute(DriverCommandExecutor.java:171)
at org.openqa.selenium.remote.RemoteWebDriver.execute(RemoteWebDriver.java:602)
at org.openqa.selenium.remote.RemoteWebElement.execute(RemoteWebElement.java:224)
at org.openqa.selenium.remote.RemoteWebElement.click(RemoteWebElement.java:77)
at org.openqa.selenium.support.pagefactory.internal.LocatingElementHandler.invoke(LocatingElementHandler.java:51)
at jdk.proxy2/jdk.proxy2.$Proxy22.click(Unknown Source)
at com.teamgate.crm.organizerTest.AddMeetingViaOrganizerTest.addMeetingViaOrganizerTest(AddMeetingViaOrganizerTest.java:74)
at java.base/java.util.ArrayList.forEach(ArrayList.java:1596)
... Removed 30 stack frames]]>
    </failure>
  </testcase> <!-- addMeetingViaOrganizerTest -->
  <testcase classname="com.teamgate.crm.leadTest.AddActivityToLeadTest" name="addActivityToLead" time="26.212"/>
  <testcase classname="com.teamgate.crm.peoplesTest.LinkPersonToCompanyTest" name="linkPersonToCompanyTest" time="32.916"/>
  <testcase classname="com.teamgate.crm.lnsightsTest.VerifyInsightsTest" name="verifyInsightsTest" time="4.937"/>
</testsuite> <!-- Test -->
